Build started 2025/11/27 周四 10:34:38.
     1>Project "F:\Projects\ysm\jymod2\JYMod\JYMod.vcxproj" on node 2 (rebuild target(s)).
     1>_PrepareForClean:
         Deleting file "Debug\JYMod.lastbuildstate".
       InitializeBuildStatus:
         Creating "Debug\JYMod.unsuccessfulbuild" because "AlwaysCreate" was specified.
       ClCompile:
         c:\Program Files (x86)\Microsoft Visual Studio 10.0\VC\bin\CL.exe /c /ZI /nologo /W3 /WX- /Od /Oy- /D WIN32 /D _WINDOWS /D _DEBUG /D _MBCS /Gm /EHsc /RTC1 /MTd /GS /fp:precise /Zc:wchar_t /Zc:forScope /Yc"StdAfx.h" /Fp"Debug\JYMod.pch" /Fo"Debug\\" /Fd"Debug\vc100.pdb" /Gd /TP /analyze- /errorReport:prompt stdafx.cpp
         stdafx.cpp
         c:\Program Files (x86)\Microsoft Visual Studio 10.0\VC\bin\CL.exe /c /ZI /nologo /W3 /WX- /Od /Oy- /D WIN32 /D _WINDOWS /D _DEBUG /D _MBCS /Gm /EHsc /RTC1 /MTd /GS /fp:precise /Zc:wchar_t /Zc:forScope /Yu"StdAfx.h" /Fp"Debug\JYMod.pch" /Fo"Debug\\" /Fd"Debug\vc100.pdb" /Gd /TP /analyze- /errorReport:prompt DlgMember.cpp DlgRes.cpp JYMod.cpp JYModDlg.cpp SaveGRPFile.cpp
         SaveGRPFile.cpp
         JYModDlg.cpp
         JYMod.cpp
         DlgRes.cpp
         DlgMember.cpp
         正在生成代码...
       ResourceCompile:
         c:\Program Files (x86)\Microsoft SDKs\Windows\v7.0A\bin\rc.exe /D _DEBUG /l"0x0804" /IDebug\ /nologo /fo"Debug\JYMod.res" JYMod.rc 
       ManifestResourceCompile:
         c:\Program Files (x86)\Microsoft SDKs\Windows\v7.0A\bin\rc.exe /nologo /fo"Debug\JYMod.exe.embed.manifest.res" Debug\JYMod_manifest.rc 
       Link:
         c:\Program Files (x86)\Microsoft Visual Studio 10.0\VC\bin\link.exe /ERRORREPORT:PROMPT /OUT:"F:\Projects\ysm\jymod2\JYMod\Debug\JYMod.exe" /INCREMENTAL /NOLOGO /MANIFEST /ManifestFile:"Debug\JYMod.exe.intermediate.manifest" /MANIFESTUAC:"level='asInvoker' uiAccess='false'" /DEBUG /PDB:"F:\Projects\ysm\jymod2\JYMod\Debug\JYMod.pdb" /SUBSYSTEM:WINDOWS /TLBID:1 /DYNAMICBASE /NXCOMPAT /IMPLIB:"F:\Projects\ysm\jymod2\JYMod\Debug\JYMod.lib" /MACHINE:X86 Debug\JYMod.res
         Debug\JYMod.exe.embed.manifest.res
         Debug\DlgMember.obj
         Debug\DlgRes.obj
         Debug\JYMod.obj
         Debug\JYModDlg.obj
         Debug\SaveGRPFile.obj
         Debug\stdafx.obj
       Manifest:
         Deleting file "Debug\JYMod.exe.embed.manifest".
         c:\Program Files (x86)\Microsoft SDKs\Windows\v7.0A\bin\mt.exe /nologo /verbose /out:"Debug\JYMod.exe.embed.manifest" /manifest Debug\JYMod.exe.intermediate.manifest "c:\Program Files (x86)\Microsoft Visual Studio 10.0\VC\Include\Manifest\dpiaware.manifest"
         c:\Program Files (x86)\Microsoft SDKs\Windows\v7.0A\bin\rc.exe /nologo /fo"Debug\JYMod.exe.embed.manifest.res" Debug\JYMod_manifest.rc 
       LinkEmbedManifest:
         c:\Program Files (x86)\Microsoft Visual Studio 10.0\VC\bin\link.exe /ERRORREPORT:PROMPT /OUT:"F:\Projects\ysm\jymod2\JYMod\Debug\JYMod.exe" /INCREMENTAL /NOLOGO /MANIFEST /ManifestFile:"Debug\JYMod.exe.intermediate.manifest" /MANIFESTUAC:"level='asInvoker' uiAccess='false'" /DEBUG /PDB:"F:\Projects\ysm\jymod2\JYMod\Debug\JYMod.pdb" /SUBSYSTEM:WINDOWS /TLBID:1 /DYNAMICBASE /NXCOMPAT /IMPLIB:"F:\Projects\ysm\jymod2\JYMod\Debug\JYMod.lib" /MACHINE:X86 Debug\JYMod.res
         Debug\JYMod.exe.embed.manifest.res
         Debug\DlgMember.obj
         Debug\DlgRes.obj
         Debug\JYMod.obj
         Debug\JYModDlg.obj
         Debug\SaveGRPFile.obj
         Debug\stdafx.obj
         JYMod.vcxproj -> F:\Projects\ysm\jymod2\JYMod\Debug\JYMod.exe
       FinalizeBuildStatus:
         Deleting file "Debug\JYMod.unsuccessfulbuild".
         Touching "Debug\JYMod.lastbuildstate".
     1>Done Building Project "F:\Projects\ysm\jymod2\JYMod\JYMod.vcxproj" (rebuild target(s)).

生成成功。

Time Elapsed 00:00:16.16
