F:\Projects\ysm\jymod2\JYMod\Debug\cl.command.1.tlog
F:\Projects\ysm\jymod2\JYMod\Debug\CL.read.1.tlog
F:\Projects\ysm\jymod2\JYMod\Debug\CL.write.1.tlog
F:\PROJECTS\YSM\JYMOD2\JYMOD\DEBUG\DLGMEMBER.OBJ
F:\PROJECTS\YSM\JYMOD2\JYMOD\DEBUG\DLGRES.OBJ
F:\PROJECTS\YSM\JYMOD2\JYMOD\DEBUG\JYMOD.EXE
F:\PROJECTS\YSM\JYMOD2\JYMOD\DEBUG\JYMOD.EXE.EMBED.MANIFEST
F:\PROJECTS\YSM\JYMOD2\JYMOD\DEBUG\JYMOD.EXE.EMBED.MANIFEST.RES
F:\PROJECTS\YSM\JYMOD2\JYMOD\DEBUG\JYMOD.EXE.INTERMEDIATE.MANIFEST
F:\PROJECTS\YSM\JYMOD2\JYMOD\DEBUG\JYMOD.ILK
F:\PROJECTS\YSM\JYMOD2\JYMOD\DEBUG\JYMOD.OBJ
F:\PROJECTS\YSM\JYMOD2\JYMOD\DEBUG\JYMOD.PCH
F:\PROJECTS\YSM\JYMOD2\JYMOD\DEBUG\JYMOD.PDB
F:\PROJECTS\YSM\JYMOD2\JYMOD\DEBUG\JYMOD.RES
F:\Projects\ysm\jymod2\JYMod\Debug\JYMod.vcxprojResolveAssemblyReference.cache
F:\Projects\ysm\jymod2\JYMod\Debug\JYMod.write.1.tlog
F:\Projects\ysm\jymod2\JYMod\Debug\JYMod_manifest.rc
F:\PROJECTS\YSM\JYMOD2\JYMOD\DEBUG\JYMODDLG.OBJ
F:\Projects\ysm\jymod2\JYMod\Debug\link.3300.read.1.tlog
F:\Projects\ysm\jymod2\JYMod\Debug\link.3300.write.1.tlog
F:\Projects\ysm\jymod2\JYMod\Debug\link.3300-cvtres.read.1.tlog
F:\Projects\ysm\jymod2\JYMod\Debug\link.3300-cvtres.write.1.tlog
F:\Projects\ysm\jymod2\JYMod\Debug\link.command.1.tlog
F:\Projects\ysm\jymod2\JYMod\Debug\link.read.1.tlog
F:\Projects\ysm\jymod2\JYMod\Debug\link.write.1.tlog
F:\Projects\ysm\jymod2\JYMod\Debug\link-cvtres.read.1.tlog
F:\Projects\ysm\jymod2\JYMod\Debug\link-cvtres.write.1.tlog
F:\Projects\ysm\jymod2\JYMod\Debug\mt.command.1.tlog
F:\Projects\ysm\jymod2\JYMod\Debug\mt.read.1.tlog
F:\Projects\ysm\jymod2\JYMod\Debug\mt.write.1.tlog
F:\Projects\ysm\jymod2\JYMod\Debug\rc.command.1.tlog
F:\Projects\ysm\jymod2\JYMod\Debug\rc.read.1.tlog
F:\Projects\ysm\jymod2\JYMod\Debug\rc.write.1.tlog
F:\PROJECTS\YSM\JYMOD2\JYMOD\DEBUG\SAVEGRPFILE.OBJ
F:\PROJECTS\YSM\JYMOD2\JYMOD\DEBUG\STDAFX.OBJ
F:\Projects\ysm\jymod2\JYMod\Debug\vc100.idb
F:\PROJECTS\YSM\JYMOD2\JYMOD\DEBUG\VC100.PDB
